<?xml version="1.0" encoding="UTF-8"?>
<!-- Generated by org.testng.reporters.JUnitReportReporter -->
<testsuite hostname="DESKTOP-O1QSD0A" failures="0" tests="1" name="com.ebanking.testcases.TC_Logintest_001" time="2.823" errors="0" timestamp="29 Sep 2021 02:56:39 GMT" skipped="0">
  <testcase classname="com.ebanking.testcases.TC_Logintest_001" name="Logintest" time="2.823"/>
</testsuite> <!-- com.ebanking.testcases.TC_Logintest_001 -->
