<?xml version="1.0" encoding="UTF-8"?>
<!-- Generated by org.testng.reporters.JUnitReportReporter -->
<testsuite hostname="DESKTOP-O1QSD0A" failures="0" tests="3" name="com.ebanking.testcases.TC_Logintest_002" time="7.787" errors="0" timestamp="29 Sep 2021 02:56:39 GMT" skipped="0">
  <testcase classname="com.ebanking.testcases.TC_Logintest_002" name="testdata" time="2.322"/>
  <testcase classname="com.ebanking.testcases.TC_Logintest_002" name="testdata" time="2.742"/>
  <testcase classname="com.ebanking.testcases.TC_Logintest_002" name="testdata" time="2.723"/>
</testsuite> <!-- com.ebanking.testcases.TC_Logintest_002 -->
