<?xml version="1.0" encoding="UTF-8"?>
<!-- Generated by org.testng.reporters.JUnitReportReporter -->
<testsuite hostname="DESKTOP-O1QSD0A" failures="0" tests="3" name="com.ebanking.testcases.TC_Logintest_002" time="7.283" errors="0" timestamp="29 Sep 2021 04:42:35 GMT" skipped="0">
  <testcase classname="com.ebanking.testcases.TC_Logintest_002" name="testdata" time="2.443"/>
  <testcase classname="com.ebanking.testcases.TC_Logintest_002" name="testdata" time="2.350"/>
  <testcase classname="com.ebanking.testcases.TC_Logintest_002" name="testdata" time="2.490"/>
</testsuite> <!-- com.ebanking.testcases.TC_Logintest_002 -->
